[2017.01.21-13.32.33:725][  0]Log file open, 01/22/17 02:32:33
[2017.01.21-13.32.33:725][  0]LogInit:Display: Running engine for game: WaveThang
[2017.01.21-13.32.33:725][  0]LogPlatformFile: Not using cached read wrapper
[2017.01.21-13.32.33:725][  0]LogInit:Display: RandInit(218039234) SRandInit(218039237).
[2017.01.21-13.32.33:725][  0]LogTaskGraph: Started task graph with 4 named threads and 7 total threads.
[2017.01.21-13.32.33:725][  0]LogStats: Stats thread started at 0.065539
[2017.01.21-13.32.33:725][  0]LogInit: Version: 4.10.4-2872498+++depot+UE4-Releases+4.10
[2017.01.21-13.32.33:725][  0]LogInit: API Version: 2758231
[2017.01.21-13.32.33:725][  0]LogInit: Compiled (64-bit): Feb 18 2016 15:47:04
[2017.01.21-13.32.33:725][  0]LogInit: Compiled with Visual C++: 19.00.23026.00
[2017.01.21-13.32.33:725][  0]LogInit: Build Configuration: Development
[2017.01.21-13.32.33:725][  0]LogInit: Branch Name: ++depot+UE4-Releases+4.10
[2017.01.21-13.32.33:725][  0]LogInit: Command line:  
[2017.01.21-13.32.33:725][  0]LogInit: Base directory: C:/Program Files (x86)/Epic Games/4.10/Engine/Binaries/Win64/
[2017.01.21-13.32.33:725][  0]LogInit: Rocket: 1
[2017.01.21-13.32.33:729][  0]LogInit: Using libcurl 7.41.0
[2017.01.21-13.32.33:729][  0]LogInit:  - built for x86_64-pc-win32
[2017.01.21-13.32.33:729][  0]LogInit:  - supports SSL with WinSSL
[2017.01.21-13.32.33:729][  0]LogInit:  - other features:
[2017.01.21-13.32.33:729][  0]LogInit:      CURL_VERSION_SSL
[2017.01.21-13.32.33:729][  0]LogInit:      CURL_VERSION_IPV6
[2017.01.21-13.32.33:729][  0]LogInit:      CURL_VERSION_ASYNCHDNS
[2017.01.21-13.32.33:729][  0]LogInit:      CURL_VERSION_LARGEFILE
[2017.01.21-13.32.33:729][  0]LogInit:      CURL_VERSION_IDN
[2017.01.21-13.32.33:729][  0]LogInit:  CurlRequestOptions (configurable via config and command line):
[2017.01.21-13.32.33:729][  0]LogInit:  - bVerifyPeer = true  - Libcurl will verify peer certificate
[2017.01.21-13.32.33:729][  0]LogInit:  - bUseHttpProxy = false  - Libcurl will NOT use HTTP proxy
[2017.01.21-13.32.33:729][  0]LogInit:  - bDontReuseConnections = false  - Libcurl will reuse connections
[2017.01.21-13.32.33:729][  0]LogInit:  - CertBundlePath = nullptr  - Libcurl will use whatever was configured at build time.
[2017.01.21-13.32.33:733][  0]LogInit: Presizing for 0 objects not considered by GC, pre-allocating 0 bytes.
[2017.01.21-13.32.33:738][  0]LogInit: Object subsystem initialized
[2017.01.21-13.32.33:738][  0]LogInit: Selected Device Profile: [Windows]
[2017.01.21-13.32.33:738][  0]LogInit: Applying CVar settings loaded from the selected device profile: [Windows]
[2017.01.21-13.32.33:745][  0]LogInit: Computer: DESKTOP-JPQTSFH
[2017.01.21-13.32.33:745][  0]LogInit: User: SujayChand
[2017.01.21-13.32.33:745][  0]LogInit: CPU Page size=4096, Cores=4
[2017.01.21-13.32.33:745][  0]LogInit: High frequency timer resolution =3.328119 MHz
[2017.01.21-13.32.33:745][  0]LogMemory: Memory total: Physical=15.9GB (16GB approx)
[2017.01.21-13.32.33:745][  0]LogMemory: Platform Memory Stats for Windows
[2017.01.21-13.32.33:745][  0]LogMemory: Process Physical Memory: 56.44 MB used, 56.44 MB peak
[2017.01.21-13.32.33:745][  0]LogMemory: Process Virtual Memory: 56.87 MB used, 56.87 MB peak
[2017.01.21-13.32.33:745][  0]LogMemory: Physical Memory: 4824.71 MB used, 16304.30 MB total
[2017.01.21-13.32.33:745][  0]LogMemory: Virtual Memory: 383.19 MB used, 134217728.00 MB total
[2017.01.21-13.32.33:775][  0]LogTextLocalizationManager: No specific translations for ('en-NZ') exist, so ('en') translations will be used.
[2017.01.21-13.32.34:567][  0]LogD3D11RHI: Found D3D11 adapter 0: NVIDIA GeForce GTX 1070 (Feature Level 11_0)
[2017.01.21-13.32.34:567][  0]LogD3D11RHI: Adapter has 8145MB of dedicated video memory, 0MB of dedicated system memory, and 8152MB of shared system memory, 3 output[s]
[2017.01.21-13.32.34:568][  0]LogD3D11RHI: Found D3D11 adapter 1: Microsoft Basic Render Driver (Feature Level 11_0)
[2017.01.21-13.32.34:568][  0]LogD3D11RHI: Adapter has 0MB of dedicated video memory, 0MB of dedicated system memory, and 8152MB of shared system memory, 0 output[s]
[2017.01.21-13.32.34:568][  0]LogD3D11RHI: Chosen D3D11 Adapter Id = 0
[2017.01.21-13.32.34:572][  0]LogD3D11RHI: !Direct3DDevice
[2017.01.21-13.32.34:572][  0]LogRHI: Texture pool is 1361 MB (70% of 1945 MB)
[2017.01.21-13.32.34:998][  0]LogD3D11RHI: Async texture creation enabled
[2017.01.21-13.32.35:033][  0]LogShaderCompilers: Guid format shader working directory is 1 characters bigger than the processId version (D:/Libraries/Documents/Unreal Projects/WaveThang/Intermediate/Shaders/WorkingDirectory/6848/).
[2017.01.21-13.32.35:034][  0]LogShaderCompilers: Cleaned the shader compiler working directory 'C:/Users/SUJAYC~1/AppData/Local/Temp/UnrealShaderWorkingDir/B74472DD4589E3B12F21B1935CF56593/'.
[2017.01.21-13.32.35:034][  0]LogShaderCompilers:Display: Using Local Shader Compiler.
[2017.01.21-13.32.35:617][  0]LogTemp:Display: Loaded TP AllDesktopTargetPlatform
[2017.01.21-13.32.35:621][  0]LogTemp:Display: Loaded TP WindowsClientTargetPlatform
[2017.01.21-13.32.35:624][  0]LogTemp:Display: Loaded TP WindowsNoEditorTargetPlatform
[2017.01.21-13.32.35:628][  0]LogTemp:Display: Loaded TP WindowsServerTargetPlatform
[2017.01.21-13.32.35:631][  0]LogTemp:Display: Loaded TP WindowsTargetPlatform
[2017.01.21-13.32.35:633][  0]LogTemp:Display: Loaded TP AndroidTargetPlatform
[2017.01.21-13.32.35:635][  0]LogTemp:Display: Loaded TP Android_ASTCTargetPlatform
[2017.01.21-13.32.35:637][  0]LogTemp:Display: Loaded TP Android_ATCTargetPlatform
[2017.01.21-13.32.35:639][  0]LogTemp:Display: Loaded TP Android_DXTTargetPlatform
[2017.01.21-13.32.35:641][  0]LogTemp:Display: Loaded TP Android_ETC1TargetPlatform
[2017.01.21-13.32.35:643][  0]LogTemp:Display: Loaded TP Android_ETC2TargetPlatform
[2017.01.21-13.32.35:647][  0]LogTemp:Display: Loaded TP Android_MultiTargetPlatform
[2017.01.21-13.32.35:647][  0]LogTemp:Display: Loaded TP Android_PVRTCTargetPlatform
[2017.01.21-13.32.35:648][  0]LogTemp:Display: Loaded TP HTML5TargetPlatform
[2017.01.21-13.32.35:663][  0]LogTemp:Display: Loaded TP IOSTargetPlatform
[2017.01.21-13.32.35:665][  0]LogTemp:Display: Loaded TP LinuxNoEditorTargetPlatform
[2017.01.21-13.32.35:667][  0]LogTemp:Display: Loaded TP LinuxServerTargetPlatform
[2017.01.21-13.32.35:669][  0]LogTemp:Display: Loaded TP LinuxTargetPlatform
[2017.01.21-13.32.35:669][  0]LogTargetPlatformManager:Display: Building Assets For Windows
[2017.01.21-13.32.35:719][  0]LogDerivedDataCache:Display: Max Cache Size: 512 MB
[2017.01.21-13.32.35:753][  0]LogDerivedDataCache: Loaded boot cache 0.03s 41MB C:/Users/Sujay Chand/AppData/Local/UnrealEngine/4.10/DerivedDataCache/Boot.ddc.
[2017.01.21-13.32.35:753][  0]LogDerivedDataCache:Display: Loaded Boot cache: C:/Users/Sujay Chand/AppData/Local/UnrealEngine/4.10/DerivedDataCache/Boot.ddc
[2017.01.21-13.32.35:753][  0]LogDerivedDataCache: FDerivedDataBackendGraph:  Pak pak cache file D:/Libraries/Documents/Unreal Projects/WaveThang/DerivedDataCache/DDC.ddp not found, will not use a pak cache.
[2017.01.21-13.32.35:753][  0]LogDerivedDataCache: Unable to find inner node Pak for hierarchical cache Hierarchy.
[2017.01.21-13.32.35:753][  0]LogDerivedDataCache: FDerivedDataBackendGraph:  CompressedPak pak cache file D:/Libraries/Documents/Unreal Projects/WaveThang/DerivedDataCache/Compressed.ddp not found, will not use a pak cache.
[2017.01.21-13.32.35:753][  0]LogDerivedDataCache: Unable to find inner node CompressedPak for hierarchical cache Hierarchy.
[2017.01.21-13.32.35:818][  0]LogDerivedDataCache:Display: Pak cache opened for reading ../../../Engine/DerivedDataCache/Compressed.ddp.
[2017.01.21-13.32.35:830][  0]LogDerivedDataCache: Using Local data cache path C:/Users/Sujay Chand/AppData/Local/UnrealEngine/Common/DerivedDataCache: Writable
[2017.01.21-13.32.35:971][  0]LogInit: Selected Device Profile: [Windows]
[2017.01.21-13.32.35:972][  0]LogContentStreaming: Texture pool size is 0.000000MB
[2017.01.21-13.32.36:051][  0]LogMeshUtilities: No automatic mesh reduction module available
[2017.01.21-13.32.36:051][  0]LogMeshUtilities: No automatic mesh merging module available
[2017.01.21-13.32.36:218][  0]LogInit: WinSock: version 1.1 (2.2), MaxSocks=32767, MaxUdp=65467
[2017.01.21-13.32.36:737][  0]UdpMessaging: Initializing bridge on interface 0.0.0.0:0 to multicast group 230.0.0.1:6666.
[2017.01.21-13.32.36:862][  0]LogAssetRegistry: FAssetRegistry took 0.0110 seconds to start up
[2017.01.21-13.32.36:983][  0]SourceControl: Info Source control is disabled
[2017.01.21-13.32.37:016][  0]SourceControl: Info Source control is disabled
[2017.01.21-13.32.37:025][  0]SourceControl: Info Source control is disabled
[2017.01.21-13.32.37:033][  0]SourceControl: Info Source control is disabled
[2017.01.21-13.32.37:168][  0]LogObj: 28633 objects as part of root set at end of initial load.
[2017.01.21-13.32.37:168][  0]LogUObjectAllocator: 6099752 out of 0 bytes used by permanent object pool.
[2017.01.21-13.32.37:213][  0]LogEngine: Initializing Engine...
[2017.01.21-13.32.37:214][  0]OCULUS: Info: 01/21/17 13:32:37: [CAPI] LibOVR module is located at C:\WINDOWS\SYSTEM32\LibOVRRT64_0_8.dll

[2017.01.21-13.32.37:215][  0]OCULUS: Info: 01/21/17 13:32:37: [IPC] Call Stats for SetInitialState : x1: C2S=65.202, S2C=37.2583, Runtime=54.6855 (microseconds) C2Ssize=80, S2Csize=81 (bytes)

[2017.01.21-13.32.37:215][  0]OCULUS: Info: 01/21/17 13:32:37: [IPC] Call Stats for IsLatencyTesterAvailable : x1: C2S=30.6479, S2C=39.9625, Runtime=0.90141 (microseconds) C2Ssize=33, S2Csize=18 (bytes)

[2017.01.21-13.32.37:465][  0]LogHMD: SteamVR failed to initialize.  Err: 126
[2017.01.21-13.32.37:575][  0]LogAIModule: Creating AISystem for world NewWorld
[2017.01.21-13.32.37:619][  0]LogInit: XAudio2 using 'Speakers (Realtek High Definition Audio)' : 2 channels at 48 kHz using 32 bits per sample (channel mask 0x3)
[2017.01.21-13.32.37:637][  0]LogInit: FAudioDevice initialized.
[2017.01.21-13.32.37:655][  0]LogDerivedDataCache: Saved boot cache 0.02s 41MB C:/Users/Sujay Chand/AppData/Local/UnrealEngine/4.10/DerivedDataCache/Boot.ddc.
[2017.01.21-13.32.37:660][  0]LogInit: Texture streaming: Enabled
[2017.01.21-13.32.37:665][  0]LogAnalytics: Creating configured Analytics provider AnalyticsET
[2017.01.21-13.32.37:665][  0]LogAnalytics: [UEEditor.Rocket.Release] APIServer = http://et2.epicgames.com/ET2/. AppVersion = 4.10.4-2872498+++depot+UE4-Releases+4.10
[2017.01.21-13.32.37:665][  0]LogAnalytics: [UEEditor.Rocket.Release] SetUserId d0da73114617431d606da6ac4dcdae59|f96c271c091948838ad6c3717d3ad000|c290383c-93f3-4ea8-a524-6d26c2e74e6a
[2017.01.21-13.32.37:665][  0]LogAnalytics: [UEEditor.Rocket.Release] AnalyticsET::StartSession
[2017.01.21-13.32.37:672][  0]LogInit: Transaction tracking system initialized
[2017.01.21-13.32.37:688][  0]BlueprintLog: New page: Editor Load
[2017.01.21-13.32.37:736][  0]LocalizationService: Info Localization service is disabled
[2017.01.21-13.32.37:789][  0]LogConsoleResponse:Display: 
[2017.01.21-13.32.37:872][  0]LogCook:Display: Done creating registry. It took  0.00s.
[2017.01.21-13.32.37:907][  0]LogFileCache: Scanning file cache for directory 'D:/Libraries/Documents/Unreal Projects/WaveThang/Content/' took 0.01s
[2017.01.21-13.32.37:907][  0]SourceControl: Info Source control is disabled
[2017.01.21-13.32.37:907][  0]Cmd: MAP LOAD FILE="D:/Libraries/Documents/Unreal Projects/WaveThang/Content/ThirdPersonBP/Maps/ThirdPersonExampleMap.umap" TEMPLATE=0 SHOWPROGRESS=1 FEATURELEVEL=3
[2017.01.21-13.32.37:907][  0]LightingResults: New page: Lighting Build
[2017.01.21-13.32.37:910][  0]MapCheck: New page: Map Check
[2017.01.21-13.32.37:910][  0]LightingResults: New page: Lighting Build
[2017.01.21-13.32.37:917][  0]LogParticles: Destroying 0 GPU particle simulations for FXSystem 0x000002015E467B00
[2017.01.21-13.32.38:479][  0]LogAIModule: Creating AISystem for world ThirdPersonExampleMap
[2017.01.21-13.32.38:487][  0]LogEditorServer: Finished looking for orphan Actors (0.000 secs)
[2017.01.21-13.32.38:488][  0]Cmd: MAP CHECKDEP NOCLEARLOG
[2017.01.21-13.32.38:523][  0]MapCheck: Info Map check complete: 0 Error(s), 0 Warning(s), took 34.436ms to complete.
[2017.01.21-13.32.38:523][  0]LogFileHelpers: Loading map 'ThirdPersonExampleMap' took 0.616
[2017.01.21-13.32.38:662][  0]LogCollectionManager: Loaded 0 collections in 0.001199 seconds
[2017.01.21-13.32.38:714][  0]LogFileCache: Scanning file cache for directory 'D:/Libraries/Documents/Unreal Projects/WaveThang/Saved/Collections/' took 0.01s
[2017.01.21-13.32.38:714][  0]LogFileCache: Scanning file cache for directory 'D:/Libraries/Documents/Unreal Projects/WaveThang/Content/Developers/SujayChand/Collections/' took 0.01s
[2017.01.21-13.32.38:715][  0]LogFileCache: Scanning file cache for directory 'D:/Libraries/Documents/Unreal Projects/WaveThang/Content/Collections/' took 0.01s
[2017.01.21-13.32.38:715][  0]LogCollectionManager: Rebuilt the GUID cache for 0 collections in 0.000001 seconds
[2017.01.21-13.32.38:722][  0]LogContentBrowser: Native class hierarchy populated in 0.0072 seconds. Added 1893 classes and 338 folders.
[2017.01.21-13.32.38:729][  0]LogContentBrowser: Native class hierarchy updated for 'WidgetCarousel' in 0.0003 seconds. Added 0 classes and 0 folders.
[2017.01.21-13.32.38:760][  0]LogContentBrowser: Native class hierarchy updated for 'AddContentDialog' in 0.0004 seconds. Added 0 classes and 0 folders.
[2017.01.21-13.32.38:763][  0]LogContentBrowser: Native class hierarchy updated for 'SceneOutliner' in 0.0002 seconds. Added 1 classes and 2 folders.
[2017.01.21-13.32.38:779][  0]LogCrashTracker: Crashtracker disabled due to settings.
[2017.01.21-13.32.38:784][  0]LogUObjectGlobals:Warning: Failed to find object 'Class None.'
[2017.01.21-13.32.38:806][  0]LogLoad: Full Startup: 5.45 seconds (BP compile: 0.16 seconds)
[2017.01.21-13.32.38:815][  0]LogWindowsTextInputMethodSystem:Display: IME system now deactivated.
[2017.01.21-13.32.38:816][  0]LogOcInput: OculusInput is initialized. Init status 0. Runtime version: 0.8.0.0
[2017.01.21-13.32.38:873][  0]LogContentStreaming: Texture pool size now 1000 MB
[2017.01.21-13.32.38:990][  0]LogRenderer: Reallocating scene render targets to support 1616x808 (Frame:2).
[2017.01.21-13.32.39:150][  4]LogAssetRegistry: Asset discovery search completed in 2.2986 seconds
[2017.01.21-13.32.39:150][  4]LogCollectionManager: Rebuilt the object cache for 0 collections in 0.000001 seconds (found 0 objects)
[2017.01.21-13.32.39:150][  4]LogCollectionManager: Fixed up redirectors for 0 collections in 0.000013 seconds (updated 0 objects)
[2017.01.21-13.32.41:746][300]LogBlueprintUserMessages: Early PlayInEditor Detection: Level '/Game/ThirdPersonBP/Maps/ThirdPersonExampleMap.ThirdPersonExampleMap:PersistentLevel' has LevelScriptBlueprint '/Game/ThirdPersonBP/Maps/ThirdPersonExampleMap.ThirdPersonExampleMap:PersistentLevel.ThirdPersonExampleMap' with GeneratedClass '/Game/ThirdPersonBP/Maps/ThirdPersonExampleMap.ThirdPersonExampleMap_C' with ClassGeneratedBy '/Game/ThirdPersonBP/Maps/ThirdPersonExampleMap.ThirdPersonExampleMap:PersistentLevel.ThirdPersonExampleMap'
[2017.01.21-13.32.41:746][300]LogPlayLevel: PlayLevel: No blueprints needed recompiling
[2017.01.21-13.32.41:746][300]PIE: New page: PIE session: ThirdPersonExampleMap (22/01/2017 3:32:41 pm)
[2017.01.21-13.32.41:746][300]LogPlayLevel: Creating play world package: /Game/ThirdPersonBP/Maps/UEDPIE_0_ThirdPersonExampleMap
[2017.01.21-13.32.41:773][300]LogPlayLevel: PIE: StaticDuplicateObject took: (0.026376s)
[2017.01.21-13.32.41:773][300]LogAIModule: Creating AISystem for world ThirdPersonExampleMap
[2017.01.21-13.32.41:774][300]LogPlayLevel: PIE: World Init took: (0.000794s)
[2017.01.21-13.32.41:774][300]LogPlayLevel: PIE: Created PIE world by copying editor world from /Game/ThirdPersonBP/Maps/ThirdPersonExampleMap.ThirdPersonExampleMap to /Game/ThirdPersonBP/Maps/UEDPIE_0_ThirdPersonExampleMap.ThirdPersonExampleMap (0.027437s)
[2017.01.21-13.32.41:774][300]LogActorComponent: UnregisterComponent: (/Engine/Transient.CharMoveComp) Not registered. Aborting.
[201